<<<<<<< Updated upstream
2024-12-05 23:25:26,494 INFO: Scheduler startup [in D:\DOANPTTKHTTT\PhanTichThietKeHeThongThongTin\website\__init__.py:96]
2024-12-05 23:25:32,092 INFO: Scheduler startup [in D:\DOANPTTKHTTT\PhanTichThietKeHeThongThongTin\website\__init__.py:96]
2024-12-05 23:31:13,097 INFO: Scheduler startup [in D:\DOANPTTKHTTT\PhanTichThietKeHeThongThongTin\website\__init__.py:96]
2024-12-05 23:33:13,620 INFO: Scheduler startup [in D:\DOANPTTKHTTT\PhanTichThietKeHeThongThongTin\website\__init__.py:96]
2024-12-05 23:33:36,204 INFO: Scheduler startup [in D:\DOANPTTKHTTT\PhanTichThietKeHeThongThongTin\website\__init__.py:96]
2024-12-05 23:34:21,836 INFO: Scheduler startup [in D:\DOANPTTKHTTT\PhanTichThietKeHeThongThongTin\website\__init__.py:96]
2024-12-05 23:40:52,891 INFO: Scheduler startup [in D:\DOANPTTKHTTT\PhanTichThietKeHeThongThongTin\website\__init__.py:96]
2024-12-05 23:42:19,219 INFO: Scheduler startup [in D:\DOANPTTKHTTT\PhanTichThietKeHeThongThongTin\website\__init__.py:96]
2024-12-05 23:43:35,903 INFO: Scheduler startup [in D:\DOANPTTKHTTT\PhanTichThietKeHeThongThongTin\website\__init__.py:96]
2024-12-05 23:43:41,736 INFO: Scheduler startup [in D:\DOANPTTKHTTT\PhanTichThietKeHeThongThongTin\website\__init__.py:96]
2024-12-05 23:45:43,362 INFO: Scheduler startup [in D:\DOANPTTKHTTT\PhanTichThietKeHeThongThongTin\website\__init__.py:96]
2024-12-05 23:46:25,533 INFO: Scheduler startup [in D:\DOANPTTKHTTT\PhanTichThietKeHeThongThongTin\website\__init__.py:96]
2024-12-05 23:46:41,314 INFO: Scheduler startup [in D:\DOANPTTKHTTT\PhanTichThietKeHeThongThongTin\website\__init__.py:96]
2024-12-05 23:54:35,136 INFO: Scheduler startup [in D:\DOANPTTKHTTT\PhanTichThietKeHeThongThongTin\website\__init__.py:96]
2024-12-06 00:01:59,726 INFO: Scheduler startup [in D:\DOANPTTKHTTT\PhanTichThietKeHeThongThongTin\website\__init__.py:96]
2024-12-06 00:10:01,546 INFO: Scheduler startup [in D:\DOANPTTKHTTT\PhanTichThietKeHeThongThongTin\website\__init__.py:96]
2024-12-06 00:12:40,294 INFO: Scheduler startup [in D:\DOANPTTKHTTT\PhanTichThietKeHeThongThongTin\website\__init__.py:96]
2024-12-06 00:12:53,293 INFO: Scheduler startup [in D:\DOANPTTKHTTT\PhanTichThietKeHeThongThongTin\website\__init__.py:96]
2024-12-06 00:14:40,082 INFO: Scheduler startup [in D:\DOANPTTKHTTT\PhanTichThietKeHeThongThongTin\website\__init__.py:96]
2024-12-06 00:19:42,248 INFO: Scheduler startup [in D:\DOANPTTKHTTT\PhanTichThietKeHeThongThongTin\website\__init__.py:96]
2024-12-06 00:20:56,517 INFO: Scheduler startup [in D:\DOANPTTKHTTT\PhanTichThietKeHeThongThongTin\website\__init__.py:96]
2024-12-06 00:21:28,163 INFO: Scheduler startup [in D:\DOANPTTKHTTT\PhanTichThietKeHeThongThongTin\website\__init__.py:96]
2024-12-06 02:35:21,944 INFO: Scheduler startup [in D:\DOANPTTKHTTT\PhanTichThietKeHeThongThongTin\website\__init__.py:100]
2024-12-06 02:35:26,872 INFO: Scheduler startup [in D:\DOANPTTKHTTT\PhanTichThietKeHeThongThongTin\website\__init__.py:100]
2024-12-06 02:47:15,642 INFO: Scheduler startup [in D:\DOANPTTKHTTT\PhanTichThietKeHeThongThongTin\website\__init__.py:100]
2024-12-06 02:47:52,262 INFO: Scheduler startup [in D:\DOANPTTKHTTT\PhanTichThietKeHeThongThongTin\website\__init__.py:100]
2024-12-06 02:48:18,309 INFO: Scheduler startup [in D:\DOANPTTKHTTT\PhanTichThietKeHeThongThongTin\website\__init__.py:100]
2024-12-06 02:48:35,010 INFO: Scheduler startup [in D:\DOANPTTKHTTT\PhanTichThietKeHeThongThongTin\website\__init__.py:100]
2024-12-06 02:52:05,294 INFO: Scheduler startup [in D:\DOANPTTKHTTT\PhanTichThietKeHeThongThongTin\website\__init__.py:100]
2024-12-06 02:52:42,356 INFO: Scheduler startup [in D:\DOANPTTKHTTT\PhanTichThietKeHeThongThongTin\website\__init__.py:100]
2024-12-06 02:54:18,828 INFO: Scheduler startup [in D:\DOANPTTKHTTT\PhanTichThietKeHeThongThongTin\website\__init__.py:100]
2024-12-06 02:56:39,773 INFO: Scheduler startup [in D:\DOANPTTKHTTT\PhanTichThietKeHeThongThongTin\website\__init__.py:100]
2024-12-06 03:03:20,370 INFO: Scheduler startup [in D:\DOANPTTKHTTT\PhanTichThietKeHeThongThongTin\website\__init__.py:100]
2024-12-06 03:07:07,159 INFO: Scheduler startup [in D:\DOANPTTKHTTT\PhanTichThietKeHeThongThongTin\website\__init__.py:100]
2024-12-06 03:07:21,938 INFO: Scheduler startup [in D:\DOANPTTKHTTT\PhanTichThietKeHeThongThongTin\website\__init__.py:100]
2024-12-06 03:28:34,879 INFO: Scheduler startup [in D:\DOANPTTKHTTT\PhanTichThietKeHeThongThongTin\website\__init__.py:100]
2024-12-06 03:29:38,179 INFO: Scheduler startup [in D:\DOANPTTKHTTT\PhanTichThietKeHeThongThongTin\website\__init__.py:100]
2024-12-06 03:30:02,585 INFO: Scheduler startup [in D:\DOANPTTKHTTT\PhanTichThietKeHeThongThongTin\website\__init__.py:100]
2024-12-06 03:36:19,334 INFO: Scheduler startup [in D:\DOANPTTKHTTT\PhanTichThietKeHeThongThongTin\website\__init__.py:100]
2024-12-06 03:41:13,788 INFO: Scheduler startup [in D:\DOANPTTKHTTT\PhanTichThietKeHeThongThongTin\website\__init__.py:100]
2024-12-06 03:41:28,032 INFO: Scheduler startup [in D:\DOANPTTKHTTT\PhanTichThietKeHeThongThongTin\website\__init__.py:100]
2024-12-06 03:43:59,455 INFO: Scheduler startup [in D:\DOANPTTKHTTT\PhanTichThietKeHeThongThongTin\website\__init__.py:100]
2024-12-06 03:46:36,082 INFO: Scheduler startup [in D:\DOANPTTKHTTT\PhanTichThietKeHeThongThongTin\website\__init__.py:100]
2024-12-06 04:38:44,099 INFO: Scheduler startup [in D:\DOANPTTKHTTT\PhanTichThietKeHeThongThongTin\website\__init__.py:100]
2024-12-06 05:02:45,312 INFO: Scheduler startup [in D:\DOANPTTKHTTT\PhanTichThietKeHeThongThongTin\website\__init__.py:100]
2024-12-06 05:02:51,656 INFO: Scheduler startup [in D:\DOANPTTKHTTT\PhanTichThietKeHeThongThongTin\website\__init__.py:100]
2024-12-06 05:02:59,077 INFO: Scheduler startup [in D:\DOANPTTKHTTT\PhanTichThietKeHeThongThongTin\website\__init__.py:100]
2024-12-06 05:03:29,890 INFO: Scheduler startup [in D:\DOANPTTKHTTT\PhanTichThietKeHeThongThongTin\website\__init__.py:100]
2024-12-06 05:03:42,832 INFO: Scheduler startup [in D:\DOANPTTKHTTT\PhanTichThietKeHeThongThongTin\website\__init__.py:100]
2024-12-06 05:05:03,292 INFO: Scheduler startup [in D:\DOANPTTKHTTT\PhanTichThietKeHeThongThongTin\website\__init__.py:100]
2024-12-06 05:05:09,258 INFO: Scheduler startup [in D:\DOANPTTKHTTT\PhanTichThietKeHeThongThongTin\website\__init__.py:100]
2024-12-06 05:05:18,879 INFO: Scheduler startup [in D:\DOANPTTKHTTT\PhanTichThietKeHeThongThongTin\website\__init__.py:100]
2024-12-06 05:06:14,584 INFO: Scheduler startup [in D:\DOANPTTKHTTT\PhanTichThietKeHeThongThongTin\website\__init__.py:100]
2024-12-06 05:07:35,358 INFO: Scheduler startup [in D:\DOANPTTKHTTT\PhanTichThietKeHeThongThongTin\website\__init__.py:100]
2024-12-06 05:12:04,678 INFO: Scheduler startup [in D:\DOANPTTKHTTT\PhanTichThietKeHeThongThongTin\website\__init__.py:100]
2024-12-06 05:13:54,724 INFO: Scheduler startup [in D:\DOANPTTKHTTT\PhanTichThietKeHeThongThongTin\website\__init__.py:100]
=======
2024-12-05 16:05:42,828 INFO: Scheduler startup [in D:\PhanTichThietKeHeThongThongTin\website\__init__.py:96]
2024-12-05 16:05:47,399 INFO: Scheduler startup [in D:\PhanTichThietKeHeThongThongTin\website\__init__.py:96]
2024-12-05 19:12:07,843 INFO: Scheduler startup [in D:\PhanTichThietKeHeThongThongTin\website\__init__.py:96]
2024-12-05 19:12:18,939 INFO: Scheduler startup [in D:\PhanTichThietKeHeThongThongTin\website\__init__.py:96]
2024-12-05 19:15:37,884 INFO: Scheduler startup [in D:\PhanTichThietKeHeThongThongTin\website\__init__.py:96]
2024-12-05 19:19:33,739 INFO: Scheduler startup [in D:\PhanTichThietKeHeThongThongTin\website\__init__.py:96]
2024-12-05 19:21:01,281 INFO: Scheduler startup [in D:\PhanTichThietKeHeThongThongTin\website\__init__.py:96]
2024-12-05 19:21:28,169 INFO: Scheduler startup [in D:\PhanTichThietKeHeThongThongTin\website\__init__.py:96]
2024-12-05 19:23:26,839 INFO: Scheduler startup [in D:\PhanTichThietKeHeThongThongTin\website\__init__.py:96]
2024-12-06 04:07:10,147 INFO: Scheduler startup [in D:\PhanTichThietKeHeThongThongTin\website\__init__.py:96]
2024-12-06 04:07:32,482 INFO: Scheduler startup [in D:\PhanTichThietKeHeThongThongTin\website\__init__.py:96]
>>>>>>> Stashed changes
